2025-09-03 11:12:21:Debug: Open Port Failed %3 %4
2025-09-03 17:23:36:Debug: Open Port Failed %3 %4
2025-09-03 17:23:36:Debug: Device disconnected %3 %4
2025-09-04 06:45:45:Debug: Open Port Failed %3 %4
2025-09-04 06:45:45:Debug: Device disconnected %3 %4
2025-09-04 06:45:52:Debug: Device  reconnection %3 %4
2025-09-04 06:45:53:Debug: reInit success %3 %4
2025-09-04 06:47:49:Debug: Failed to open image file:  "D:/picture/20250904064749UV.jpg" %3 %4
2025-09-04 06:47:49:Debug: Failed to open image file:  "D:/picture/20250904064749ChipHead.jpg" %3 %4
2025-09-04 06:50:42:Warning: QCoreApplication::postEvent: Unexpected null receiver %3 %4
2025-09-04 06:50:47:Debug: Failed to open image file:  "D:/picture/20250904065047UV.jpg" %3 %4
2025-09-04 06:50:47:Debug: Failed to open image file:  "D:/picture/20250904065047ChipHead.jpg" %3 %4
2025-09-04 06:52:37:Debug: Failed to open image file:  "D:/picture/20250904065237UV.jpg" %3 %4
2025-09-04 06:52:37:Debug: Failed to open image file:  "D:/picture/20250904065237ChipHead.jpg" %3 %4
2025-09-04 06:53:31:Debug: Failed to open image file:  "D:/picture/20250904065331UV.jpg" %3 %4
2025-09-04 06:53:31:Debug: Failed to open image file:  "D:/picture/20250904065331ChipHead.jpg" %3 %4
2025-09-04 06:58:15:Warning: QCoreApplication::postEvent: Unexpected null receiver %3 %4
2025-09-04 06:58:16:Warning: QCoreApplication::postEvent: Unexpected null receiver %3 %4
2025-09-04 06:58:20:Warning: QCoreApplication::postEvent: Unexpected null receiver %3 %4
2025-09-04 06:58:21:Warning: QCoreApplication::postEvent: Unexpected null receiver %3 %4
2025-09-04 06:58:24:Warning: QCoreApplication::postEvent: Unexpected null receiver %3 %4
2025-09-04 06:58:25:Warning: QCoreApplication::postEvent: Unexpected null receiver %3 %4
2025-09-04 06:58:27:Warning: QCoreApplication::postEvent: Unexpected null receiver %3 %4
2025-09-04 06:58:28:Warning: QCoreApplication::postEvent: Unexpected null receiver %3 %4
2025-09-04 06:58:30:Warning: QCoreApplication::postEvent: Unexpected null receiver %3 %4
2025-09-04 06:58:31:Warning: QCoreApplication::postEvent: Unexpected null receiver %3 %4
2025-09-04 06:58:32:Warning: QCoreApplication::postEvent: Unexpected null receiver %3 %4
2025-09-04 06:58:33:Warning: QCoreApplication::postEvent: Unexpected null receiver %3 %4
2025-09-04 06:58:35:Warning: QCoreApplication::postEvent: Unexpected null receiver %3 %4
2025-09-04 06:58:36:Warning: QCoreApplication::postEvent: Unexpected null receiver %3 %4
2025-09-04 06:58:38:Debug: Failed to open image file:  "D:/picture/20250904065838UV.jpg" %3 %4
2025-09-04 06:58:38:Debug: Failed to open image file:  "D:/picture/20250904065838ChipHead.jpg" %3 %4
2025-09-04 06:58:38:Warning: QCoreApplication::postEvent: Unexpected null receiver %3 %4
2025-09-04 06:58:39:Warning: QCoreApplication::postEvent: Unexpected null receiver %3 %4
2025-09-04 06:58:41:Warning: QCoreApplication::postEvent: Unexpected null receiver %3 %4
2025-09-04 06:58:42:Warning: QCoreApplication::postEvent: Unexpected null receiver %3 %4
2025-09-04 06:58:44:Warning: QCoreApplication::postEvent: Unexpected null receiver %3 %4
2025-09-04 06:58:46:Warning: QCoreApplication::postEvent: Unexpected null receiver %3 %4
2025-09-04 06:58:47:Warning: QCoreApplication::postEvent: Unexpected null receiver %3 %4
2025-09-04 06:58:48:Warning: QCoreApplication::postEvent: Unexpected null receiver %3 %4
2025-09-04 06:58:49:Warning: QCoreApplication::postEvent: Unexpected null receiver %3 %4
2025-09-04 06:58:51:Warning: QCoreApplication::postEvent: Unexpected null receiver %3 %4
2025-09-04 06:58:52:Warning: QCoreApplication::postEvent: Unexpected null receiver %3 %4
2025-09-04 06:58:54:Warning: QCoreApplication::postEvent: Unexpected null receiver %3 %4
2025-09-04 06:58:55:Warning: QCoreApplication::postEvent: Unexpected null receiver %3 %4
2025-09-04 06:58:57:Warning: QCoreApplication::postEvent: Unexpected null receiver %3 %4
2025-09-04 06:58:59:Warning: QCoreApplication::postEvent: Unexpected null receiver %3 %4
2025-09-04 06:59:01:Warning: QCoreApplication::postEvent: Unexpected null receiver %3 %4
2025-09-04 06:59:03:Warning: QCoreApplication::postEvent: Unexpected null receiver %3 %4
2025-09-04 06:59:05:Warning: QCoreApplication::postEvent: Unexpected null receiver %3 %4
2025-09-04 06:59:06:Warning: QCoreApplication::postEvent: Unexpected null receiver %3 %4
2025-09-04 06:59:08:Warning: QCoreApplication::postEvent: Unexpected null receiver %3 %4
2025-09-04 06:59:09:Warning: QCoreApplication::postEvent: Unexpected null receiver %3 %4
2025-09-04 06:59:10:Warning: QCoreApplication::postEvent: Unexpected null receiver %3 %4
2025-09-04 06:59:49:Debug: Failed to open image file:  "D:/picture/20250904065949UV.jpg" %3 %4
2025-09-04 06:59:49:Debug: Failed to open image file:  "D:/picture/20250904065949ChipHead.jpg" %3 %4
2025-09-04 07:04:03:Debug: Failed to open image file:  "D:/picture/20250904070403UV.jpg" %3 %4
2025-09-04 07:04:03:Debug: Failed to open image file:  "D:/picture/20250904070403ChipHead.jpg" %3 %4
2025-09-04 07:11:43:Debug: Failed to open image file:  "D:/picture/20250904071143UV.jpg" %3 %4
2025-09-04 07:11:43:Debug: Failed to open image file:  "D:/picture/20250904071143ChipHead.jpg" %3 %4
2025-09-04 07:13:07:Debug: Failed to open image file:  "D:/picture/20250904071307UV.jpg" %3 %4
2025-09-04 07:13:07:Debug: Failed to open image file:  "D:/picture/20250904071307ChipHead.jpg" %3 %4
2025-09-04 07:14:18:Debug: Failed to open image file:  "D:/picture/20250904071418UV.jpg" %3 %4
2025-09-04 07:14:18:Debug: Failed to open image file:  "D:/picture/20250904071418ChipHead.jpg" %3 %4
2025-09-04 07:16:20:Debug: Failed to open image file:  "D:/picture/20250904071620UV.jpg" %3 %4
2025-09-04 07:16:20:Debug: Failed to open image file:  "D:/picture/20250904071620ChipHead.jpg" %3 %4
2025-09-04 07:21:00:Debug: Failed to open image file:  "D:/picture/20250904072100UV.jpg" %3 %4
2025-09-04 07:21:00:Debug: Failed to open image file:  "D:/picture/20250904072100ChipHead.jpg" %3 %4
2025-09-04 07:30:39:Debug: Failed to open image file:  "D:/picture/20250904073039UV.jpg" %3 %4
2025-09-04 07:30:39:Debug: Failed to open image file:  "D:/picture/20250904073039ChipHead.jpg" %3 %4
2025-09-04 07:33:39:Debug: Failed to open image file:  "D:/picture/20250904073339UV.jpg" %3 %4
2025-09-04 07:33:39:Debug: Failed to open image file:  "D:/picture/20250904073339ChipHead.jpg" %3 %4
2025-09-04 07:59:15:Debug: Failed to open image file:  "D:/picture/20250904075915UV.jpg" %3 %4
2025-09-04 07:59:15:Debug: Failed to open image file:  "D:/picture/20250904075915ChipHead.jpg" %3 %4
2025-09-04 07:59:52:Debug: Failed to open image file:  "D:/picture/20250904075952UV.jpg" %3 %4
2025-09-04 07:59:52:Debug: Failed to open image file:  "D:/picture/20250904075952ChipHead.jpg" %3 %4
2025-09-04 08:01:44:Debug: Failed to open image file:  "D:/picture/20250904080144UV.jpg" %3 %4
2025-09-04 08:01:44:Debug: Failed to open image file:  "D:/picture/20250904080144ChipHead.jpg" %3 %4
2025-09-04 08:02:48:Debug: Failed to open image file:  "D:/picture/20250904080248UV.jpg" %3 %4
2025-09-04 08:02:48:Debug: Failed to open image file:  "D:/picture/20250904080248ChipHead.jpg" %3 %4
2025-09-04 08:03:42:Debug: Failed to open image file:  "D:/picture/20250904080342UV.jpg" %3 %4
2025-09-04 08:03:42:Debug: Failed to open image file:  "D:/picture/20250904080342ChipHead.jpg" %3 %4
2025-09-04 08:04:12:Debug: Failed to open image file:  "D:/picture/20250904080412UV.jpg" %3 %4
2025-09-04 08:04:12:Debug: Failed to open image file:  "D:/picture/20250904080412ChipHead.jpg" %3 %4
2025-09-04 08:06:33:Debug: Failed to open image file:  "D:/picture/20250904080633UV.jpg" %3 %4
2025-09-04 08:06:33:Debug: Failed to open image file:  "D:/picture/20250904080633ChipHead.jpg" %3 %4
2025-09-04 08:06:38:Debug: Failed to open image file:  "D:/picture/20250904080638UV.jpg" %3 %4
2025-09-04 08:06:38:Debug: Failed to open image file:  "D:/picture/20250904080638ChipHead.jpg" %3 %4
2025-09-04 08:07:02:Debug: Failed to open image file:  "D:/picture/20250904080702UV.jpg" %3 %4
2025-09-04 08:07:02:Debug: Failed to open image file:  "D:/picture/20250904080702ChipHead.jpg" %3 %4
2025-09-04 08:07:22:Debug: Failed to open image file:  "D:/picture/20250904080722UV.jpg" %3 %4
2025-09-04 08:07:22:Debug: Failed to open image file:  "D:/picture/20250904080722ChipHead.jpg" %3 %4
2025-09-04 08:07:57:Debug: Failed to open image file:  "D:/picture/20250904080757UV.jpg" %3 %4
2025-09-04 08:07:57:Debug: Failed to open image file:  "D:/picture/20250904080757ChipHead.jpg" %3 %4
2025-09-04 08:08:07:Debug: Failed to open image file:  "D:/picture/20250904080807UV.jpg" %3 %4
2025-09-04 08:08:07:Debug: Failed to open image file:  "D:/picture/20250904080807ChipHead.jpg" %3 %4
2025-09-04 08:08:46:Debug: Failed to open image file:  "D:/picture/20250904080846UV.jpg" %3 %4
2025-09-04 08:08:46:Debug: Failed to open image file:  "D:/picture/20250904080846ChipHead.jpg" %3 %4
2025-09-04 08:09:27:Debug: Failed to open image file:  "D:/picture/20250904080927UV.jpg" %3 %4
2025-09-04 08:09:27:Debug: Failed to open image file:  "D:/picture/20250904080927ChipHead.jpg" %3 %4
2025-09-04 08:10:25:Debug: Failed to open image file:  "D:/picture/20250904081025UV.jpg" %3 %4
2025-09-04 08:10:25:Debug: Failed to open image file:  "D:/picture/20250904081025ChipHead.jpg" %3 %4
2025-09-04 08:12:18:Debug: Failed to open image file:  "D:/picture/20250904081218UV.jpg" %3 %4
2025-09-04 08:12:18:Debug: Failed to open image file:  "D:/picture/20250904081218ChipHead.jpg" %3 %4
2025-09-04 08:16:02:Debug: Failed to open image file:  "D:/picture/20250904081602UV.jpg" %3 %4
2025-09-04 08:16:02:Debug: Failed to open image file:  "D:/picture/20250904081602ChipHead.jpg" %3 %4
2025-09-04 08:17:20:Debug: Failed to open image file:  "D:/picture/20250904081720UV.jpg" %3 %4
2025-09-04 08:17:20:Debug: Failed to open image file:  "D:/picture/20250904081720ChipHead.jpg" %3 %4
2025-09-04 08:18:56:Debug: Failed to open image file:  "D:/picture/20250904081856UV.jpg" %3 %4
2025-09-04 08:18:56:Debug: Failed to open image file:  "D:/picture/20250904081856ChipHead.jpg" %3 %4
2025-09-04 08:20:01:Debug: Failed to open image file:  "D:/picture/20250904082001UV.jpg" %3 %4
2025-09-04 08:20:01:Debug: Failed to open image file:  "D:/picture/20250904082001ChipHead.jpg" %3 %4
2025-09-04 08:20:17:Debug: Failed to open image file:  "D:/picture/20250904082017UV.jpg" %3 %4
2025-09-04 08:20:17:Debug: Failed to open image file:  "D:/picture/20250904082017ChipHead.jpg" %3 %4
2025-09-04 08:22:04:Debug: Failed to open image file:  "D:/picture/20250904082204UV.jpg" %3 %4
2025-09-04 08:22:04:Debug: Failed to open image file:  "D:/picture/20250904082204ChipHead.jpg" %3 %4
2025-09-04 08:23:03:Debug: Failed to open image file:  "D:/picture/20250904082303UV.jpg" %3 %4
2025-09-04 08:23:03:Debug: Failed to open image file:  "D:/picture/20250904082303ChipHead.jpg" %3 %4
2025-09-04 08:24:51:Debug: Failed to open image file:  "D:/picture/20250904082451UV.jpg" %3 %4
2025-09-04 08:24:51:Debug: Failed to open image file:  "D:/picture/20250904082451ChipHead.jpg" %3 %4
2025-09-04 08:26:26:Debug: Failed to open image file:  "D:/picture/20250904082626UV.jpg" %3 %4
2025-09-04 08:26:26:Debug: Failed to open image file:  "D:/picture/20250904082626ChipHead.jpg" %3 %4
2025-09-04 08:27:31:Debug: Failed to open image file:  "D:/picture/20250904082731UV.jpg" %3 %4
2025-09-04 08:27:31:Debug: Failed to open image file:  "D:/picture/20250904082731ChipHead.jpg" %3 %4
2025-09-04 08:32:49:Debug: Failed to open image file:  "D:/picture/20250904083249UV.jpg" %3 %4
2025-09-04 08:32:49:Debug: Failed to open image file:  "D:/picture/20250904083249ChipHead.jpg" %3 %4
2025-09-04 08:33:09:Debug: Failed to open image file:  "D:/picture/20250904083309UV.jpg" %3 %4
2025-09-04 08:33:09:Debug: Failed to open image file:  "D:/picture/20250904083309ChipHead.jpg" %3 %4
2025-09-04 08:33:36:Debug: Failed to open image file:  "D:/picture/20250904083336UV.jpg" %3 %4
2025-09-04 08:33:36:Debug: Failed to open image file:  "D:/picture/20250904083336ChipHead.jpg" %3 %4
2025-09-04 08:33:53:Debug: Failed to open image file:  "D:/picture/20250904083353UV.jpg" %3 %4
2025-09-04 08:33:53:Debug: Failed to open image file:  "D:/picture/20250904083353ChipHead.jpg" %3 %4
2025-09-04 08:34:11:Debug: Failed to open image file:  "D:/picture/20250904083411UV.jpg" %3 %4
2025-09-04 08:34:11:Debug: Failed to open image file:  "D:/picture/20250904083411ChipHead.jpg" %3 %4
2025-09-04 08:34:32:Debug: Failed to open image file:  "D:/picture/20250904083432UV.jpg" %3 %4
2025-09-04 08:34:32:Debug: Failed to open image file:  "D:/picture/20250904083432ChipHead.jpg" %3 %4
2025-09-04 08:34:51:Debug: Failed to open image file:  "D:/picture/20250904083451UV.jpg" %3 %4
2025-09-04 08:34:51:Debug: Failed to open image file:  "D:/picture/20250904083451ChipHead.jpg" %3 %4
2025-09-04 08:35:05:Debug: Failed to open image file:  "D:/picture/20250904083505UV.jpg" %3 %4
2025-09-04 08:35:05:Debug: Failed to open image file:  "D:/picture/20250904083505ChipHead.jpg" %3 %4
2025-09-04 08:35:31:Debug: Failed to open image file:  "D:/picture/20250904083531UV.jpg" %3 %4
2025-09-04 08:35:31:Debug: Failed to open image file:  "D:/picture/20250904083531ChipHead.jpg" %3 %4
2025-09-04 08:36:28:Debug: Failed to open image file:  "D:/picture/20250904083628UV.jpg" %3 %4
2025-09-04 08:36:28:Debug: Failed to open image file:  "D:/picture/20250904083628ChipHead.jpg" %3 %4
2025-09-04 08:38:26:Debug: Failed to open image file:  "D:/picture/20250904083826UV.jpg" %3 %4
2025-09-04 08:38:26:Debug: Failed to open image file:  "D:/picture/20250904083826ChipHead.jpg" %3 %4
2025-09-04 08:39:39:Debug: Failed to open image file:  "D:/picture/20250904083939UV.jpg" %3 %4
2025-09-04 08:39:39:Debug: Failed to open image file:  "D:/picture/20250904083939ChipHead.jpg" %3 %4
2025-09-04 08:40:10:Debug: Failed to open image file:  "D:/picture/20250904084010UV.jpg" %3 %4
2025-09-04 08:40:10:Debug: Failed to open image file:  "D:/picture/20250904084010ChipHead.jpg" %3 %4
2025-09-04 08:59:46:Debug: Failed to open image file:  "D:/picture/20250904085946UV.jpg" %3 %4
2025-09-04 08:59:46:Debug: Failed to open image file:  "D:/picture/20250904085946ChipHead.jpg" %3 %4
2025-09-04 09:15:37:Debug: Failed to open image file:  "D:/picture/20250904091537UV.jpg" %3 %4
2025-09-04 09:15:37:Debug: Failed to open image file:  "D:/picture/20250904091537ChipHead.jpg" %3 %4
2025-09-04 09:15:54:Debug: Failed to open image file:  "D:/picture/20250904091554UV.jpg" %3 %4
2025-09-04 09:15:54:Debug: Failed to open image file:  "D:/picture/20250904091554ChipHead.jpg" %3 %4
2025-09-04 09:22:44:Debug: Failed to open image file:  "D:/picture/20250904092244UV.jpg" %3 %4
2025-09-04 09:22:44:Debug: Failed to open image file:  "D:/picture/20250904092244ChipHead.jpg" %3 %4
2025-09-04 12:07:45:Debug: Device disconnected %3 %4
2025-09-04 12:38:16:Debug: Device  reconnection %3 %4
2025-09-04 12:38:17:Debug: reInit success %3 %4
